2026-05-11  4:29:23 0 [Note] Starting MariaDB 10.4.32-MariaDB source revision c4143f909528e3fab0677a28631d10389354c491 as process 51340
2026-05-11  4:29:23 0 [Note] InnoDB: Mutexes and rw_locks use Windows interlocked functions
2026-05-11  4:29:23 0 [Note] InnoDB: Uses event mutexes
2026-05-11  4:29:23 0 [Note] InnoDB: Compressed tables use zlib 1.3
2026-05-11  4:29:23 0 [Note] InnoDB: Number of pools: 1
2026-05-11  4:29:23 0 [Note] InnoDB: Using SSE2 crc32 instructions
2026-05-11  4:29:23 0 [Note] InnoDB: Initializing buffer pool, total size = 16M, instances = 1, chunk size = 16M
2026-05-11  4:29:23 0 [Note] InnoDB: Completed initialization of buffer pool
2026-05-11  4:29:23 0 [Note] InnoDB: Starting crash recovery from checkpoint LSN=28035835
2026-05-11  4:29:23 0 [Note] InnoDB: 128 out of 128 rollback segments are active.
2026-05-11  4:29:23 0 [Note] InnoDB: Removed temporary tablespace data file: "ibtmp1"
2026-05-11  4:29:23 0 [Note] InnoDB: Creating shared tablespace for temporary tables
2026-05-11  4:29:23 0 [Note] InnoDB: Setting file 'D:\xampp\mysql\data\ibtmp1' size to 12 MB. Physically writing the file full; Please wait ...
2026-05-11  4:29:23 0 [Note] InnoDB: File 'D:\xampp\mysql\data\ibtmp1' size is now 12 MB.
2026-05-11  4:29:23 0 [Note] InnoDB: Waiting for purge to start
2026-05-11  4:29:23 0 [Note] InnoDB: 10.4.32 started; log sequence number 28035844; transaction id 63311
2026-05-11  4:29:23 0 [Note] InnoDB: Loading buffer pool(s) from D:\xampp\mysql\data\ib_buffer_pool
2026-05-11  4:29:23 0 [Note] Plugin 'FEEDBACK' is disabled.
2026-05-11  4:29:23 0 [Note] Server socket created on IP: '::'.
2026-05-11 04:29:23 0xa154  InnoDB: Assertion failure in file D:\winx64-packages\build\src\storage\innobase\os\os0file.cc line 6132
InnoDB: Failing assertion: slot
InnoDB: We intentionally generate a memory trap.
InnoDB: Submit a detailed bug report to https://jira.mariadb.org/
InnoDB: If you get repeated assertion failures or crashes, even
InnoDB: immediately after the mysqld startup, there may be
InnoDB: corruption in the InnoDB tablespace. Please refer to
InnoDB: https://mariadb.com/kb/en/library/innodb-recovery-modes/
InnoDB: about forcing recovery.
2026-05-11 04:29:23 0xed8  InnoDB: Assertion failure in file D:\winx64-packages\build\src\storage\innobase\os\os0file.cc line 6132
2026-05-11 04:29:23 0xc388  InnoDB: Assertion failure in file D:\winx64-packages\build\src\storage\innobase\os\os0file.cc line 6132
InnoDB: Failing assertion: slot
InnoDB: We intentionally generate a memory trap.
InnoDB: Submit a detailed bug report to https://jira.mariadb.org/
InnoDB: If you get repeated assertion failures or crashes, even
InnoDB: immediately after the mysqld startup, there may be
InnoDB: corruption in the InnoDB tablespace. Please refer to
InnoDB: https://mariadb.com/kb/en/library/innodb-recovery-modes/
InnoDB: about forcing recovery.
InnoDB: Failing assertion: slot
InnoDB: We intentionally generate a memory trap.
InnoDB: Submit a detailed bug report to https://jira.mariadb.org/
InnoDB: If you get repeated assertion failures or crashes, even
InnoDB: immediately after the mysqld startup, there may be
InnoDB: corruption in the InnoDB tablespace. Please refer to
InnoDB: https://mariadb.com/kb/en/library/innodb-recovery-modes/
InnoDB: about forcing recovery.
2026-05-11 04:29:23 0x6fb4  InnoDB: Assertion failure in file D:\winx64-packages\build\src\storage\innobase\os\os0file.cc line 6132
InnoDB: Failing assertion: slot
InnoDB: We intentionally generate a memory trap.
InnoDB: Submit a detailed bug report to https://jira.mariadb.org/
InnoDB: If you get repeated assertion failures or crashes, even
InnoDB: immediately after the mysqld startup, there may be
InnoDB: corruption in the InnoDB tablespace. Please refer to
InnoDB: https://mariadb.com/kb/en/library/innodb-recovery-modes/
InnoDB: about forcing recovery.
2026-05-11  4:29:34 0 [Note] Starting MariaDB 10.4.32-MariaDB source revision c4143f909528e3fab0677a28631d10389354c491 as process 36828
2026-05-11  4:29:34 0 [Note] InnoDB: Mutexes and rw_locks use Windows interlocked functions
2026-05-11  4:29:34 0 [Note] InnoDB: Uses event mutexes
2026-05-11  4:29:34 0 [Note] InnoDB: Compressed tables use zlib 1.3
2026-05-11  4:29:34 0 [Note] InnoDB: Number of pools: 1
2026-05-11  4:29:34 0 [Note] InnoDB: Using SSE2 crc32 instructions
2026-05-11  4:29:34 0 [Note] InnoDB: Initializing buffer pool, total size = 16M, instances = 1, chunk size = 16M
2026-05-11  4:29:34 0 [Note] InnoDB: Completed initialization of buffer pool
2026-05-11  4:29:34 0 [Note] InnoDB: Starting crash recovery from checkpoint LSN=28035835
2026-05-11  4:29:34 0 [Note] InnoDB: 128 out of 128 rollback segments are active.
2026-05-11  4:29:34 0 [Note] InnoDB: Removed temporary tablespace data file: "ibtmp1"
2026-05-11  4:29:34 0 [Note] InnoDB: Creating shared tablespace for temporary tables
2026-05-11  4:29:34 0 [Note] InnoDB: Setting file 'D:\xampp\mysql\data\ibtmp1' size to 12 MB. Physically writing the file full; Please wait ...
2026-05-11  4:29:34 0 [Note] InnoDB: File 'D:\xampp\mysql\data\ibtmp1' size is now 12 MB.
2026-05-11  4:29:34 0 [Note] InnoDB: Waiting for purge to start
2026-05-11  4:29:34 0 [Note] InnoDB: 10.4.32 started; log sequence number 28035844; transaction id 63311
2026-05-11  4:29:34 0 [Note] InnoDB: Loading buffer pool(s) from D:\xampp\mysql\data\ib_buffer_pool
2026-05-11  4:29:34 0 [Note] Plugin 'FEEDBACK' is disabled.
2026-05-11  4:29:34 0 [Note] Server socket created on IP: '::'.
2026-05-11 04:29:34 0x32d4  InnoDB: Assertion failure in file D:\winx64-packages\build\src\storage\innobase\os\os0file.cc line 6132
InnoDB: Failing assertion: slot
InnoDB: We intentionally generate a memory trap.
InnoDB: Submit a detailed bug report to https://jira.mariadb.org/
InnoDB: If you get repeated assertion failures or crashes, even
InnoDB: immediately after the mysqld startup, there may be
InnoDB: corruption in the InnoDB tablespace. Please refer to
InnoDB: https://mariadb.com/kb/en/library/innodb-recovery-modes/
InnoDB: about forcing recovery.
2026-05-11 04:29:34 0x8ba4  InnoDB: Assertion failure in file D:\winx64-packages\build\src\storage\innobase\os\os0file.cc line 6132
InnoDB: Failing assertion: slot
InnoDB: We intentionally generate a memory trap.
InnoDB: Submit a detailed bug report to https://jira.mariadb.org/
InnoDB: If you get repeated assertion failures or crashes, even
InnoDB: immediately after the mysqld startup, there may be
InnoDB: corruption in the InnoDB tablespace. Please refer to
InnoDB: https://mariadb.com/kb/en/library/innodb-recovery-modes/
InnoDB: about forcing recovery.
2026-05-11 04:29:34 2026-05-11  4:31:15 0 [Note] Starting MariaDB 10.4.32-MariaDB source revision c4143f909528e3fab0677a28631d10389354c491 as process 21784
2026-05-11  4:31:15 0 [Note] InnoDB: Mutexes and rw_locks use Windows interlocked functions
2026-05-11  4:31:15 0 [Note] InnoDB: Uses event mutexes
2026-05-11  4:31:15 0 [Note] InnoDB: Compressed tables use zlib 1.3
2026-05-11  4:31:15 0 [Note] InnoDB: Number of pools: 1
2026-05-11  4:31:15 0 [Note] InnoDB: Using SSE2 crc32 instructions
2026-05-11  4:31:15 0 [Note] InnoDB: Initializing buffer pool, total size = 16M, instances = 1, chunk size = 16M
2026-05-11  4:31:15 0 [Note] InnoDB: Completed initialization of buffer pool
2026-05-11  4:31:15 0 [Note] InnoDB: Starting crash recovery from checkpoint LSN=28035835
2026-05-11  4:31:15 0 [Note] InnoDB: 128 out of 128 rollback segments are active.
2026-05-11  4:31:15 0 [Note] InnoDB: Removed temporary tablespace data file: "ibtmp1"
2026-05-11  4:31:15 0 [Note] InnoDB: Creating shared tablespace for temporary tables
2026-05-11  4:31:15 0 [Note] InnoDB: Setting file 'D:\xampp\mysql\data\ibtmp1' size to 12 MB. Physically writing the file full; Please wait ...
2026-05-11  4:31:15 0 [Note] InnoDB: File 'D:\xampp\mysql\data\ibtmp1' size is now 12 MB.
2026-05-11  4:31:15 0 [Note] InnoDB: Waiting for purge to start
2026-05-11  4:31:15 0 [Note] InnoDB: 10.4.32 started; log sequence number 28035844; transaction id 63311
2026-05-11  4:31:15 0 [Note] InnoDB: Loading buffer pool(s) from D:\xampp\mysql\data\ib_buffer_pool
2026-05-11  4:31:15 0 [Note] Plugin 'FEEDBACK' is disabled.
2026-05-11  4:31:15 0 [Note] Server socket created on IP: '::'.
2026-05-11  4:31:30 0 [Note] Starting MariaDB 10.4.32-MariaDB source revision c4143f909528e3fab0677a28631d10389354c491 as process 41036
2026-05-11  4:31:30 0 [Note] InnoDB: Mutexes and rw_locks use Windows interlocked functions
2026-05-11  4:31:30 0 [Note] InnoDB: Uses event mutexes
2026-05-11  4:31:30 0 [Note] InnoDB: Compressed tables use zlib 1.3
2026-05-11  4:31:30 0 [Note] InnoDB: Number of pools: 1
2026-05-11  4:31:30 0 [Note] InnoDB: Using SSE2 crc32 instructions
2026-05-11  4:31:30 0 [Note] InnoDB: Initializing buffer pool, total size = 16M, instances = 1, chunk size = 16M
2026-05-11  4:31:30 0 [Note] InnoDB: Completed initialization of buffer pool
2026-05-11  4:31:30 0 [Note] InnoDB: Starting crash recovery from checkpoint LSN=28035853
2026-05-11  4:31:30 0 [Note] InnoDB: 128 out of 128 rollback segments are active.
2026-05-11  4:31:30 0 [Note] InnoDB: Removed temporary tablespace data file: "ibtmp1"
2026-05-11  4:31:30 0 [Note] InnoDB: Creating shared tablespace for temporary tables
2026-05-11  4:31:30 0 [Note] InnoDB: Setting file 'D:\xampp\mysql\data\ibtmp1' size to 12 MB. Physically writing the file full; Please wait ...
2026-05-11  4:31:30 0 [Note] InnoDB: File 'D:\xampp\mysql\data\ibtmp1' size is now 12 MB.
2026-05-11  4:31:30 0 [Note] InnoDB: Waiting for purge to start
2026-05-11  4:31:30 0 [Note] InnoDB: 10.4.32 started; log sequence number 28035862; transaction id 63311
2026-05-11  4:31:30 0 [Note] InnoDB: Loading buffer pool(s) from D:\xampp\mysql\data\ib_buffer_pool
2026-05-11  4:31:30 0 [Note] Plugin 'FEEDBACK' is disabled.
2026-05-11  4:31:30 0 [Note] Server socket created on IP: '::'.
